[2020-11-24 11:05:55,515] SEVERE {b7a.log.crash} - null 
java.lang.NullPointerException
	at org.wso2.ballerinalang.compiler.diagnostic.BLangDiagnosticLog.logDiagnostic(BLangDiagnosticLog.java:160)
	at org.ballerinax.datamapper.DataMapperPlugin.process(DataMapperPlugin.java:134)
	at org.wso2.ballerinalang.compiler.semantics.analyzer.CompilerPluginRunner.executePluginSafely(CompilerPluginRunner.java:168)
	at org.wso2.ballerinalang.compiler.semantics.analyzer.CompilerPluginRunner.visit(CompilerPluginRunner.java:145)
	at org.wso2.ballerinalang.compiler.tree.BLangPackage.accept(BLangPackage.java:158)
	at org.wso2.ballerinalang.compiler.semantics.analyzer.CompilerPluginRunner.runPlugins(CompilerPluginRunner.java:133)
	at org.wso2.ballerinalang.compiler.CompilerDriver.annotationProcess(CompilerDriver.java:357)
	at org.wso2.ballerinalang.compiler.CompilerDriver.compile(CompilerDriver.java:293)
	at org.wso2.ballerinalang.compiler.CompilerDriver.compilePackageSymbol(CompilerDriver.java:250)
	at org.wso2.ballerinalang.compiler.CompilerDriver.compilePackage(CompilerDriver.java:142)
	at org.wso2.ballerinalang.compiler.Compiler.compilePackages(Compiler.java:176)
	at org.wso2.ballerinalang.compiler.Compiler.compilePackages(Compiler.java:147)
	at org.ballerinalang.langserver.compiler.LSModuleCompiler.compilePackagesSafe(LSModuleCompiler.java:279)
	at org.ballerinalang.langserver.compiler.LSModuleCompiler.getBLangPackages(LSModuleCompiler.java:154)
	at org.ballerinalang.langserver.diagnostic.DiagnosticsHelper.compileAndSendDiagnostics(DiagnosticsHelper.java:75)
	at org.ballerinalang.langserver.BallerinaTextDocumentService.lambda$didChange$16(BallerinaTextDocumentService.java:726)
	at org.ballerinalang.langserver.util.Debouncer.lambda$call$0(Debouncer.java:42)
	at java.util.concurrent.Executors$RunnableAdapter.call(Executors.java:511)
	at java.util.concurrent.FutureTask.run(FutureTask.java:266)
	at java.util.concurrent.ScheduledThreadPoolExecutor$ScheduledFutureTask.access$201(ScheduledThreadPoolExecutor.java:180)
	at java.util.concurrent.ScheduledThreadPoolExecutor$ScheduledFutureTask.run(ScheduledThreadPoolExecutor.java:293)
	at java.util.concurrent.ThreadPoolExecutor.runWorker(ThreadPoolExecutor.java:1149)
	at java.util.concurrent.ThreadPoolExecutor$Worker.run(ThreadPoolExecutor.java:624)
	at java.lang.Thread.run(Thread.java:748)
 
